[0.012s] Invoking command in '/home/yuan/Desktop/ROS2_Exercises/chapt3/chapt3_ws/build/example_topic_rclcpp': CMAKE_PREFIX_PATH=${CMAKE_PREFIX_PATH}:/opt/ros/humble /usr/bin/cmake --build /home/yuan/Desktop/ROS2_Exercises/chapt3/chapt3_ws/build/example_topic_rclcpp -- -j12 -l12
[0.042s] [35m[1mConsolidate compiler generated dependencies of target topic_subscribe_01[0m
[0.052s] [ 50%] Built target topic_publisher_01
[0.059s] [ 75%] [32m[1mLinking CXX executable topic_subscribe_01[0m
[0.128s] /usr/bin/ld: /usr/lib/gcc/x86_64-linux-gnu/11/../../../x86_64-linux-gnu/Scrt1.o: in function `_start':
[0.128s] (.text+0x1b): undefined reference to `main'
[0.132s] collect2: error: ld returned 1 exit status
[0.133s] gmake[2]: *** [CMakeFiles/topic_subscribe_01.dir/build.make:159: topic_subscribe_01] Error 1
[0.133s] gmake[1]: *** [CMakeFiles/Makefile2:165: CMakeFiles/topic_subscribe_01.dir/all] Error 2
[0.133s] gmake: *** [Makefile:146: all] Error 2
[0.136s] Invoked command in '/home/yuan/Desktop/ROS2_Exercises/chapt3/chapt3_ws/build/example_topic_rclcpp' returned '2': CMAKE_PREFIX_PATH=${CMAKE_PREFIX_PATH}:/opt/ros/humble /usr/bin/cmake --build /home/yuan/Desktop/ROS2_Exercises/chapt3/chapt3_ws/build/example_topic_rclcpp -- -j12 -l12
