[0.010s] Invoking command in '/home/yuan/Desktop/ROS2_Exercises/chapt3/chapt3_ws/build/example_service_rclcpp': CMAKE_PREFIX_PATH=/opt/ros/humble /usr/bin/cmake /home/yuan/Desktop/ROS2_Exercises/chapt3/chapt3_ws/src/example_service_rclcpp -DCMAKE_INSTALL_PREFIX=/home/yuan/Desktop/ROS2_Exercises/chapt3/chapt3_ws/install/example_service_rclcpp
[0.074s] -- The C compiler identification is GNU 11.2.0
[0.122s] -- The CXX compiler identification is GNU 11.2.0
[0.130s] -- Detecting C compiler ABI info
[0.188s] -- Detecting C compiler ABI info - done
[0.194s] -- Check for working C compiler: /usr/bin/cc - skipped
[0.195s] -- Detecting C compile features
[0.196s] -- Detecting C compile features - done
[0.199s] -- Detecting CXX compiler ABI info
[0.264s] -- Detecting CXX compiler ABI info - done
[0.270s] -- Check for working CXX compiler: /usr/bin/c++ - skipped
[0.271s] -- Detecting CXX compile features
[0.271s] -- Detecting CXX compile features - done
[0.275s] -- Found ament_cmake: 1.3.2 (/opt/ros/humble/share/ament_cmake/cmake)
[0.415s] -- Found Python3: /usr/bin/python3.10 (found version "3.10.4") found components: Interpreter 
[1.136s] -- Found rclcpp: 16.0.1 (/opt/ros/humble/share/rclcpp/cmake)
[1.207s] -- Found rosidl_generator_c: 3.1.3 (/opt/ros/humble/share/rosidl_generator_c/cmake)
[1.212s] -- Found rosidl_adapter: 3.1.3 (/opt/ros/humble/share/rosidl_adapter/cmake)
[1.221s] -- Found rosidl_generator_cpp: 3.1.3 (/opt/ros/humble/share/rosidl_generator_cpp/cmake)
[1.234s] -- Using all available rosidl_typesupport_c: rosidl_typesupport_fastrtps_c;rosidl_typesupport_introspection_c
[1.253s] -- Using all available rosidl_typesupport_cpp: rosidl_typesupport_fastrtps_cpp;rosidl_typesupport_introspection_cpp
[1.319s] -- Found rmw_implementation_cmake: 6.1.0 (/opt/ros/humble/share/rmw_implementation_cmake/cmake)
[1.321s] -- Found rmw_fastrtps_cpp: 6.2.1 (/opt/ros/humble/share/rmw_fastrtps_cpp/cmake)
[1.403s] -- Found OpenSSL: /usr/lib/x86_64-linux-gnu/libcrypto.so (found version "3.0.2")  
[1.427s] -- Found FastRTPS: /opt/ros/humble/include  
[1.467s] -- Using RMW implementation 'rmw_fastrtps_cpp' as default
[1.618s] -- Found ament_lint_auto: 0.12.4 (/opt/ros/humble/share/ament_lint_auto/cmake)
[1.686s] -- Added test 'cppcheck' to perform static code analysis on C / C++ code
[1.686s] -- Configured cppcheck include dirs: 
[1.686s] -- Configured cppcheck exclude dirs and/or files: 
[1.687s] -- Added test 'lint_cmake' to check CMake code style
[1.688s] -- Added test 'uncrustify' to check C / C++ code style
[1.688s] -- Configured uncrustify additional arguments: 
[1.688s] -- Added test 'xmllint' to check XML markup files
[1.691s] -- Found example_interfaces: 0.9.3 (/opt/ros/humble/share/example_interfaces/cmake)
[1.822s] -- Configuring done
[1.832s] -- Generating done
[1.834s] -- Build files have been written to: /home/yuan/Desktop/ROS2_Exercises/chapt3/chapt3_ws/build/example_service_rclcpp
[1.840s] Invoked command in '/home/yuan/Desktop/ROS2_Exercises/chapt3/chapt3_ws/build/example_service_rclcpp' returned '0': CMAKE_PREFIX_PATH=/opt/ros/humble /usr/bin/cmake /home/yuan/Desktop/ROS2_Exercises/chapt3/chapt3_ws/src/example_service_rclcpp -DCMAKE_INSTALL_PREFIX=/home/yuan/Desktop/ROS2_Exercises/chapt3/chapt3_ws/install/example_service_rclcpp
[1.842s] Invoking command in '/home/yuan/Desktop/ROS2_Exercises/chapt3/chapt3_ws/build/example_service_rclcpp': CMAKE_PREFIX_PATH=/opt/ros/humble /usr/bin/cmake --build /home/yuan/Desktop/ROS2_Exercises/chapt3/chapt3_ws/build/example_service_rclcpp -- -j12 -l12
[1.878s] [ 50%] [32mBuilding CXX object CMakeFiles/service_server_01.dir/src/service_server_01.cpp.o[0m
[1.878s] [ 50%] [32mBuilding CXX object CMakeFiles/service_client_01.dir/src/service_client_01.cpp.o[0m
[3.803s] [01m[K/home/yuan/Desktop/ROS2_Exercises/chapt3/chapt3_ws/src/example_service_rclcpp/src/service_client_01.cpp:[m[K In member function â€˜[01m[Kvoid ServiceClient01::send_request(int, int)[m[Kâ€™:
[3.803s] [01m[K/home/yuan/Desktop/ROS2_Exercises/chapt3/chapt3_ws/src/example_service_rclcpp/src/service_client_01.cpp:30:63:[m[K [01;31m[Kerror: [m[Kno matching function for call to â€˜[01m[KServiceClient01::make_shared<example_interfaces::srv::AddTwoInts_Request>()[m[Kâ€™
[3.804s]    30 |       [01;31m[Kmake_shared<example_interfaces::srv::AddTwoInts_Request>()[m[K;
[3.804s]       |       [01;31m[K~~~~~~~~~~~~~~~~~~~~~~~~~~~~~~~~~~~~~~~~~~~~~~~~~~~~~~~~^~[m[K
[3.804s] In file included from [01m[K/opt/ros/humble/include/rclcpp/rclcpp/context.hpp:34[m[K,
[3.804s]                  from [01m[K/opt/ros/humble/include/rclcpp/rclcpp/executor.hpp:34[m[K,
[3.804s]                  from [01m[K/opt/ros/humble/include/rclcpp/rclcpp/executors/multi_threaded_executor.hpp:25[m[K,
[3.804s]                  from [01m[K/opt/ros/humble/include/rclcpp/rclcpp/executors.hpp:21[m[K,
[3.804s]                  from [01m[K/opt/ros/humble/include/rclcpp/rclcpp/rclcpp.hpp:155[m[K,
[3.804s]                  from [01m[K/home/yuan/Desktop/ROS2_Exercises/chapt3/chapt3_ws/src/example_service_rclcpp/src/service_client_01.cpp:1[m[K:
[3.804s] [01m[K/opt/ros/humble/include/rclcpp/rclcpp/node.hpp:80:3:[m[K [01;36m[Knote: [m[Kcandidate: â€˜[01m[Kstatic std::shared_ptr<rclcpp::Node> rclcpp::Node::make_shared(Args&& ...) [with Args = {example_interfaces::srv::AddTwoInts_Request_<std::allocator<void> >}][m[Kâ€™
[3.804s]    80 |   [01;36m[KRCLCPP_SMART_PTR_DEFINITIONS[m[K(Node)
[3.804s]       |   [01;36m[K^~~~~~~~~~~~~~~~~~~~~~~~~~~~[m[K
[3.878s] [01m[K/opt/ros/humble/include/rclcpp/rclcpp/node.hpp:80:3:[m[K [01;36m[Knote: [m[K  candidate expects 1 argument, 0 provided
[4.390s] gmake[2]: *** [CMakeFiles/service_client_01.dir/build.make:76: CMakeFiles/service_client_01.dir/src/service_client_01.cpp.o] Error 1
[4.390s] gmake[1]: *** [CMakeFiles/Makefile2:139: CMakeFiles/service_client_01.dir/all] Error 2
[4.390s] gmake[1]: *** Waiting for unfinished jobs....
[4.677s] [ 75%] [32m[1mLinking CXX executable service_server_01[0m
[4.806s] [ 75%] Built target service_server_01
[4.807s] gmake: *** [Makefile:146: all] Error 2
[4.809s] Invoked command in '/home/yuan/Desktop/ROS2_Exercises/chapt3/chapt3_ws/build/example_service_rclcpp' returned '2': CMAKE_PREFIX_PATH=/opt/ros/humble /usr/bin/cmake --build /home/yuan/Desktop/ROS2_Exercises/chapt3/chapt3_ws/build/example_service_rclcpp -- -j12 -l12
